2018-10-18 16:07:00,680 - reader_writer.excelReader -INFO - ******************** Executing Start for Template_2 ********************************
2018-10-18 16:07:00,683 - reader_writer.excelReader -INFO - ******************** Client Name Fumo Pizza ****************************
2018-10-18 16:07:00,683 - reader_writer.excelReader -INFO - ********************  Open Browser **************************
2018-10-18 16:07:06,188 - reader_writer.excelReader -INFO - Browser Open Successful
2018-10-18 16:07:06,465 - reader_writer.excelReader -INFO - Status of Open Browser 1
2018-10-18 16:07:06,466 - reader_writer.excelReader -INFO - Open URL https://qc-tabouleh.munchado.nyc/
2018-10-18 16:07:14,368 - reader_writer.excelReader -INFO - URL opened successfully
2018-10-18 16:07:15,244 - reader_writer.excelReader -INFO - Status of get url 1
2018-10-18 16:07:15,244 - reader_writer.excelReader -INFO - ********************  Verify SSL ************************ 
2018-10-18 16:07:15,253 - reader_writer.excelReader -INFO - SSL verified successfully
2018-10-18 16:07:15,253 - reader_writer.excelReader -INFO - Status of Verify SSL 1
2018-10-18 16:07:15,253 - reader_writer.excelReader -INFO - ********************  Consol Error ************************ 
2018-10-18 16:07:15,259 - reader_writer.excelReader -WARN - Warning Message in Console:https://maps.googleapis.com/maps-api-v3/api/js/34/14/util.js 223:47 "Google Maps JavaScript API warning: RetiredVersion https://developers.google.com/maps/documentation/javascript/error-messages#retired-version"
2018-10-18 16:07:15,260 - reader_writer.excelReader -INFO - Consol Error verified successfully
2018-10-18 16:07:16,157 - reader_writer.excelReader -INFO - Status of Consol Error 1
2018-10-18 16:07:16,157 - reader_writer.excelReader -INFO - ********************  Verify Menu ************************ 
2018-10-18 16:07:38,557 - reader_writer.excelReader -INFO - Status of Verify Menu 1
2018-10-18 16:07:38,557 - reader_writer.excelReader -INFO - ********************  Verify Career ************************ 
2018-10-18 16:07:39,081 - reader_writer.excelReader -INFO - Status of Verify Career 2
2018-10-18 16:07:39,082 - reader_writer.excelReader -INFO - ********************  Verify Gallery ************************ 
2018-10-18 16:07:44,059 - reader_writer.excelReader -INFO - Status of Verify Gallery 1
2018-10-18 16:07:44,059 - reader_writer.excelReader -INFO - ********************  Verify Menu Item ************************ 
2018-10-18 16:08:10,867 - reader_writer.excelReader -INFO - Status of Verify Menu Item 1
2018-10-18 16:08:10,868 - reader_writer.excelReader -INFO - ******************** Add Product ************************ 
2018-10-18 16:08:25,825 - reader_writer.excelReader -INFO - Status of Add Product 1
2018-10-18 16:08:25,825 - reader_writer.excelReader -INFO - ********************  Verify Add Product ************************ 
2018-10-18 16:08:38,254 - reader_writer.excelReader -INFO - Status of Add Product 1
2018-10-18 16:08:38,254 - reader_writer.excelReader -INFO - ********************  Verify Add Product ************************ 
2018-10-18 16:08:50,878 - reader_writer.excelReader -INFO - Status of Add Product 1
2018-10-18 16:08:50,878 - reader_writer.excelReader -INFO - ********************  Verify Add Product ************************ 
2018-10-18 16:09:03,531 - reader_writer.excelReader -INFO - Status of Add Product 1
2018-10-18 16:09:03,532 - reader_writer.excelReader -INFO - ********************  Verify Summary ************************ 
2018-10-18 16:09:07,508 - reader_writer.excelReader -INFO - Status of Verify Summary 1
2018-10-18 16:09:07,508 - reader_writer.excelReader -INFO - ******************** Add Edit Product ************************ 
2018-10-18 16:09:19,933 - reader_writer.excelReader -INFO - Status of Add Edit Product 1
2018-10-18 16:09:19,933 - reader_writer.excelReader -INFO - ******************** Add Edit Product ************************ 
2018-10-18 16:09:32,583 - reader_writer.excelReader -INFO - Status of Add Edit Product 1
2018-10-18 16:09:32,583 - reader_writer.excelReader -INFO - ******************** Add Edit Product ************************ 
2018-10-18 16:09:46,054 - reader_writer.excelReader -INFO - Status of Add Edit Product 1
2018-10-18 16:09:46,054 - reader_writer.excelReader -INFO - ********************  Verify Summary ************************ 
2018-10-18 16:09:49,902 - reader_writer.excelReader -INFO - Status of Verify Summary 1
2018-10-18 16:09:49,902 - reader_writer.excelReader -INFO - ******************** Remove Edit Product ************************ 
2018-10-18 16:10:02,470 - reader_writer.excelReader -INFO - Status of Remove Edit Product 1
2018-10-18 16:10:02,470 - reader_writer.excelReader -INFO - ******************** Remove Edit Product ************************ 
2018-10-18 16:10:17,349 - reader_writer.excelReader -INFO - Status of Remove Edit Product 1
2018-10-18 16:10:17,349 - reader_writer.excelReader -INFO - ******************** Remove Edit Product ************************ 
2018-10-18 16:10:30,799 - reader_writer.excelReader -INFO - Status of Remove Edit Product 1
2018-10-18 16:10:30,799 - reader_writer.excelReader -INFO - ******************** Verify Summary ************************ 
2018-10-18 16:10:34,714 - reader_writer.excelReader -INFO - Status of Verify Summary 1
2018-10-18 16:10:34,715 - reader_writer.excelReader -INFO - ******************** Delete Product ************************ 
2018-10-18 16:10:37,313 - reader_writer.excelReader -INFO - Status of Delete Product 1
2018-10-18 16:10:37,314 - reader_writer.excelReader -INFO - ******************** Delete All Product ************************ 
2018-10-18 16:10:44,632 - reader_writer.excelReader -INFO - Status of Delete All Product 1
2018-10-18 16:10:44,633 - reader_writer.excelReader -INFO - ******************** Verify Summary ************************ 
2018-10-18 16:10:48,095 - reader_writer.excelReader -INFO - Status of verify Summary 1
2018-10-18 16:10:48,095 - reader_writer.excelReader -INFO - ******************** Reserve A Table ************************ 
2018-10-18 16:11:06,234 - reader_writer.excelReader -INFO - Status of Reserve A Table 2
2018-10-18 16:11:06,234 - reader_writer.excelReader -INFO - ******************** verify timeslot for reserve a table ************************ 
2018-10-18 16:11:08,792 - reader_writer.excelReader -INFO - Status of Time for Reserve A Table 2
2018-10-18 16:11:08,792 - reader_writer.excelReader -INFO - ******************** verify Delivery ************************ 
2018-10-18 16:11:32,774 - reader_writer.excelReader -INFO - Status of Verify Delivery 1
2018-10-18 16:11:32,775 - reader_writer.excelReader -INFO - ******************** Verify Delivery Time ************************ 
2018-10-18 16:11:33,208 - reader_writer.excelReader -INFO - Status of Verify Delivery Time 2
2018-10-18 16:11:33,209 - reader_writer.excelReader -INFO - ******************** Closing Browser ************************ 
2018-10-18 16:11:35,517 - reader_writer.excelReader -INFO - Browser Closed successfully
2018-10-18 16:11:35,518 - reader_writer.excelReader -INFO - Execution Complete for template Template_2
2018-10-18 16:11:35,518 - reader_writer.excelReader -INFO - Execution Complete for client Fumo Pizza
